[2019-08-15 15:28:45,734] ERROR {org.ballerinalang.tool.Main} - null 
java.lang.NullPointerException
	at org.wso2.ballerinalang.compiler.semantics.analyzer.TypeChecker.checkInvocationParam(TypeChecker.java:3100)
	at org.wso2.ballerinalang.compiler.semantics.analyzer.TypeChecker.checkInvocationParamAndReturnType(TypeChecker.java:3068)
	at org.wso2.ballerinalang.compiler.semantics.analyzer.TypeChecker.checkActionInvocationExpr(TypeChecker.java:3044)
	at org.wso2.ballerinalang.compiler.semantics.analyzer.TypeChecker.visit(TypeChecker.java:1506)
	at org.wso2.ballerinalang.compiler.tree.expressions.BLangInvocation.accept(BLangInvocation.java:123)
	at org.wso2.ballerinalang.compiler.semantics.analyzer.TypeChecker.checkExpr(TypeChecker.java:248)
	at org.wso2.ballerinalang.compiler.semantics.analyzer.TypeChecker.checkExpr(TypeChecker.java:215)
	at org.wso2.ballerinalang.compiler.semantics.analyzer.SemanticAnalyzer.visit(SemanticAnalyzer.java:1449)
	at org.wso2.ballerinalang.compiler.tree.statements.BLangAssignment.accept(BLangAssignment.java:81)
	at org.wso2.ballerinalang.compiler.semantics.analyzer.SemanticAnalyzer.analyzeNode(SemanticAnalyzer.java:2225)
	at org.wso2.ballerinalang.compiler.semantics.analyzer.SemanticAnalyzer.analyzeNode(SemanticAnalyzer.java:2190)
	at org.wso2.ballerinalang.compiler.semantics.analyzer.SemanticAnalyzer.analyzeStmt(SemanticAnalyzer.java:2186)
	at org.wso2.ballerinalang.compiler.semantics.analyzer.SemanticAnalyzer.lambda$visit$43(SemanticAnalyzer.java:1369)
	at java.util.ArrayList.forEach(ArrayList.java:1257)
	at org.wso2.ballerinalang.compiler.semantics.analyzer.SemanticAnalyzer.visit(SemanticAnalyzer.java:1369)
	at org.wso2.ballerinalang.compiler.tree.statements.BLangBlockStmt.accept(BLangBlockStmt.java:56)
	at org.wso2.ballerinalang.compiler.semantics.analyzer.SemanticAnalyzer.analyzeNode(SemanticAnalyzer.java:2225)
	at org.wso2.ballerinalang.compiler.semantics.analyzer.SemanticAnalyzer.analyzeNode(SemanticAnalyzer.java:2190)
	at org.wso2.ballerinalang.compiler.semantics.analyzer.SemanticAnalyzer.analyzeStmt(SemanticAnalyzer.java:2186)
	at org.wso2.ballerinalang.compiler.semantics.analyzer.SemanticAnalyzer.visit(SemanticAnalyzer.java:309)
	at org.wso2.ballerinalang.compiler.tree.BLangFunction.accept(BLangFunction.java:71)
	at org.wso2.ballerinalang.compiler.semantics.analyzer.SemanticAnalyzer.analyzeNode(SemanticAnalyzer.java:2225)
	at org.wso2.ballerinalang.compiler.semantics.analyzer.SemanticAnalyzer.analyzeNode(SemanticAnalyzer.java:2190)
	at org.wso2.ballerinalang.compiler.semantics.analyzer.SemanticAnalyzer.analyzeDef(SemanticAnalyzer.java:2182)
	at org.wso2.ballerinalang.compiler.semantics.analyzer.SemanticAnalyzer.lambda$visit$4(SemanticAnalyzer.java:232)
	at java.util.stream.ForEachOps$ForEachOp$OfRef.accept(ForEachOps.java:184)
	at java.util.stream.ReferencePipeline$2$1.accept(ReferencePipeline.java:175)
	at java.util.stream.ReferencePipeline$2$1.accept(ReferencePipeline.java:175)
	at java.util.ArrayList$ArrayListSpliterator.forEachRemaining(ArrayList.java:1382)
	at java.util.stream.AbstractPipeline.copyInto(AbstractPipeline.java:481)
	at java.util.stream.AbstractPipeline.wrapAndCopyInto(AbstractPipeline.java:471)
	at java.util.stream.ForEachOps$ForEachOp.evaluateSequential(ForEachOps.java:151)
	at java.util.stream.ForEachOps$ForEachOp$OfRef.evaluateSequential(ForEachOps.java:174)
	at java.util.stream.AbstractPipeline.evaluate(AbstractPipeline.java:234)
	at java.util.stream.ReferencePipeline.forEach(ReferencePipeline.java:418)
	at org.wso2.ballerinalang.compiler.semantics.analyzer.SemanticAnalyzer.visit(SemanticAnalyzer.java:232)
	at org.wso2.ballerinalang.compiler.tree.BLangPackage.accept(BLangPackage.java:160)
	at org.wso2.ballerinalang.compiler.semantics.analyzer.SemanticAnalyzer.analyze(SemanticAnalyzer.java:211)
	at org.wso2.ballerinalang.compiler.CompilerDriver.typeCheck(CompilerDriver.java:313)
	at org.wso2.ballerinalang.compiler.CompilerDriver.compile(CompilerDriver.java:270)
	at org.wso2.ballerinalang.compiler.CompilerDriver.compilePackageSymbol(CompilerDriver.java:262)
	at org.wso2.ballerinalang.compiler.CompilerDriver.compilePackage(CompilerDriver.java:127)
	at java.util.stream.ForEachOps$ForEachOp$OfRef.accept(ForEachOps.java:184)
	at java.util.stream.ReferencePipeline$2$1.accept(ReferencePipeline.java:175)
	at java.util.ArrayList$ArrayListSpliterator.forEachRemaining(ArrayList.java:1382)
	at java.util.stream.AbstractPipeline.copyInto(AbstractPipeline.java:481)
	at java.util.stream.AbstractPipeline.wrapAndCopyInto(AbstractPipeline.java:471)
	at java.util.stream.ForEachOps$ForEachOp.evaluateSequential(ForEachOps.java:151)
	at java.util.stream.ForEachOps$ForEachOp$OfRef.evaluateSequential(ForEachOps.java:174)
	at java.util.stream.AbstractPipeline.evaluate(AbstractPipeline.java:234)
	at java.util.stream.ReferencePipeline.forEach(ReferencePipeline.java:418)
	at org.wso2.ballerinalang.compiler.Compiler.compilePackages(Compiler.java:175)
	at org.wso2.ballerinalang.compiler.Compiler.compilePackage(Compiler.java:181)
	at org.wso2.ballerinalang.compiler.Compiler.compile(Compiler.java:88)
	at org.wso2.ballerinalang.compiler.Compiler.compile(Compiler.java:76)
	at org.ballerinalang.packerina.task.CompileTask.execute(CompileTask.java:56)
	at org.ballerinalang.packerina.TaskExecutor.executeTasks(TaskExecutor.java:38)
	at org.ballerinalang.packerina.cmd.RunCommand.execute(RunCommand.java:227)
	at java.util.Optional.ifPresent(Optional.java:159)
	at org.ballerinalang.tool.Main.main(Main.java:57)
 
